<?xml version="1.0" encoding="UTF-8"?>
<testng-results ignored="0" total="1" passed="1" failed="0" skipped="0">
  <reporter-output>
  </reporter-output>
  <suite started-at="2025-07-28T09:19:00 IST" name="Default suite" finished-at="2025-07-28T09:19:20 IST" duration-ms="19816">
    <groups>
    </groups>
    <test started-at="2025-07-28T09:19:00 IST" name="Default test" finished-at="2025-07-28T09:19:20 IST" duration-ms="19816">
      <class name="testcases.MyFirstTest">
        <test-method is-config="true" signature="setUp()[pri:0, instance:testcases.MyFirstTest@6e9a5ed8]" started-at="2025-07-28T09:19:00 IST" name="setUp" finished-at="2025-07-28T09:19:10 IST" duration-ms="10310" status="PASS">
          <reporter-output>
          </reporter-output>
        </test-method> <!-- setUp -->
        <test-method signature="LoginTest()[pri:0, instance:testcases.MyFirstTest@6e9a5ed8]" started-at="2025-07-28T09:19:10 IST" name="LoginTest" finished-at="2025-07-28T09:19:19 IST" duration-ms="9237" status="PASS">
          <reporter-output>
          </reporter-output>
        </test-method> <!-- LoginTest -->
        <test-method is-config="true" signature="tearDown()[pri:0, instance:testcases.MyFirstTest@6e9a5ed8]" started-at="2025-07-28T09:19:19 IST" name="tearDown" finished-at="2025-07-28T09:19:20 IST" duration-ms="189" status="PASS">
          <reporter-output>
          </reporter-output>
        </test-method> <!-- tearDown -->
      </class> <!-- testcases.MyFirstTest -->
    </test> <!-- Default test -->
  </suite> <!-- Default suite -->
</testng-results>
