<?xml version="1.0" encoding="UTF-8"?>
<testng-results ignored="0" total="1" passed="1" failed="0" skipped="0">
  <reporter-output>
  </reporter-output>
  <suite started-at="2025-07-26T11:24:41 IST" name="Default suite" finished-at="2025-07-26T11:24:57 IST" duration-ms="16349">
    <groups>
    </groups>
    <test started-at="2025-07-26T11:24:41 IST" name="Default test" finished-at="2025-07-26T11:24:57 IST" duration-ms="16349">
      <class name="testcases.MyFirstTest">
        <test-method is-config="true" signature="setUp()[pri:0, instance:testcases.MyFirstTest@7ce69770]" started-at="2025-07-26T11:24:41 IST" name="setUp" finished-at="2025-07-26T11:24:48 IST" duration-ms="7054" status="PASS">
          <reporter-output>
          </reporter-output>
        </test-method> <!-- setUp -->
        <test-method signature="LoginTest()[pri:0, instance:testcases.MyFirstTest@7ce69770]" started-at="2025-07-26T11:24:48 IST" name="LoginTest" finished-at="2025-07-26T11:24:57 IST" duration-ms="9112" status="PASS">
          <reporter-output>
          </reporter-output>
        </test-method> <!-- LoginTest -->
        <test-method is-config="true" signature="tearDown()[pri:0, instance:testcases.MyFirstTest@7ce69770]" started-at="2025-07-26T11:24:57 IST" name="tearDown" finished-at="2025-07-26T11:24:57 IST" duration-ms="134" status="PASS">
          <reporter-output>
          </reporter-output>
        </test-method> <!-- tearDown -->
      </class> <!-- testcases.MyFirstTest -->
    </test> <!-- Default test -->
  </suite> <!-- Default suite -->
</testng-results>
